<?xml version="1.0" encoding="UTF-8"?>
<testsuite xmlns:xsi="http://www.w3.org/2001/XMLSchema-instance" xsi:noNamespaceSchemaLocation="https://maven.apache.org/surefire/maven-surefire-plugin/xsd/surefire-test-report-3.0.xsd" version="3.0" name="UnitTest" time="0.664" tests="7" errors="0" skipped="0" failures="0">
  <properties>
[...]
</properties>
  <testcase name="testUeberweisungAnUnbekanntesKonto" classname="UnitTest" time="0.015"/>
  <testcase name="testUeberweisungVonGesperrtemKonto" classname="UnitTest" time="0.006"/>
  <testcase name="testUeberweisungMitNegativemBetrag" classname="UnitTest" time="0.001"/>
  <testcase name="testGeldUeberweisen" classname="UnitTest" time="0.611">
    <system-err><![CDATA[Mockito is currently self-attaching to enable the inline-mock-maker. This will no longer work in future releases of the JDK. Please add Mockito as an agent to your build as described in Mockito's documentation: https://javadoc.io/doc/org.mockito/mockito-core/latest/org.mockito/org/mockito/Mockito.html#0.3
WARNING: A Java agent has been loaded dynamically (/home/bursche/.m2/repository/net/bytebuddy/byte-buddy-agent/1.15.11/byte-buddy-agent-1.15.11.jar)
WARNING: If a serviceability tool is in use, please run with -XX:+EnableDynamicAgentLoading to hide this warning
WARNING: If a serviceability tool is not in use, please run with -Djdk.instrument.traceUsage for more information
WARNING: Dynamic loading of agents will be disallowed by default in a future release
]]></system-err>
  </testcase>
  <testcase name="testUeberweisungAnSichSelbst" classname="UnitTest" time="0.001"/>
  <testcase name="testUeberweisungMitZuWenigGeld" classname="UnitTest" time="0.001"/>
  <testcase name="testKontostandOhneEinzahlung" classname="UnitTest" time="0.001"/>
</testsuite>